<?xml version="1.0" encoding="UTF-8"?>
<!-- Generated by org.testng.reporters.JUnitReportReporter -->
<testsuite skipped="0" hostname="ip-172-31-27-212" name="projectGorest.DeleteUser" tests="1" failures="0" timestamp="2022-10-11T08:50:59 UTC" time="2.043" errors="0">
  <testcase name="deleteResource" time="2.043" classname="projectGorest.DeleteUser"/>
  <system-out/>
</testsuite> <!-- projectGorest.DeleteUser -->
