<?xml version="1.0" encoding="UTF-8"?>
<!-- Generated by org.testng.reporters.JUnitReportReporter -->
<testsuite skipped="0" hostname="ip-172-31-27-212" name="projectGorest.Updateuser" tests="1" failures="0" timestamp="2022-10-11T08:50:39 UTC" time="2.147" errors="0">
  <testcase name="updateResource" time="2.147" classname="projectGorest.Updateuser"/>
  <system-out/>
</testsuite> <!-- projectGorest.Updateuser -->
