<?xml version="1.0" encoding="UTF-8"?>
<!-- Generated by org.testng.reporters.JUnitReportReporter -->
<testsuite skipped="0" hostname="ip-172-31-27-212" name="projectGorest.CreateUser" tests="1" failures="0" timestamp="2022-10-11T08:54:22 UTC" time="1.895" errors="0">
  <testcase name="createResource" time="1.895" classname="projectGorest.CreateUser"/>
  <system-out/>
</testsuite> <!-- projectGorest.CreateUser -->
