<?xml version="1.0" encoding="UTF-8"?>
<!-- Generated by org.testng.reporters.JUnitReportReporter -->
<testsuite skipped="0" hostname="ip-172-31-27-212" name="reqres.UpdateUser" tests="1" failures="0" timestamp="2022-10-11T07:49:08 UTC" time="1.528" errors="0">
  <testcase name="updateResource" time="1.528" classname="reqres.UpdateUser"/>
  <system-out/>
</testsuite> <!-- reqres.UpdateUser -->
