<?xml version="1.0" encoding="UTF-8"?>
<!-- Generated by org.testng.reporters.JUnitReportReporter -->
<testsuite skipped="0" hostname="ip-172-31-27-212" name="reqres.DeleteUser" tests="1" failures="0" timestamp="2022-10-11T06:35:33 UTC" time="1.399" errors="0">
  <testcase name="deleteResource" time="1.399" classname="reqres.DeleteUser"/>
  <system-out/>
</testsuite> <!-- reqres.DeleteUser -->
