<?xml version="1.0" encoding="UTF-8"?>
<!-- Generated by org.testng.reporters.JUnitReportReporter -->
<testsuite skipped="0" hostname="ip-172-31-27-212" name="reqres.ListResource" tests="1" failures="0" timestamp="2022-10-11T07:37:19 UTC" time="1.507" errors="0">
  <testcase name="getData" time="1.507" classname="reqres.ListResource"/>
  <system-out/>
</testsuite> <!-- reqres.ListResource -->
