<?xml version="1.0" encoding="UTF-8"?>
<!-- Generated by org.testng.reporters.JUnitReportReporter -->
<testsuite skipped="0" hostname="ip-172-31-27-212" name="reqres.RigisterUnsuccessful" tests="1" failures="0" timestamp="2022-10-11T07:57:55 UTC" time="1.625" errors="0">
  <testcase name="getData" time="1.625" classname="reqres.RigisterUnsuccessful"/>
  <system-out/>
</testsuite> <!-- reqres.RigisterUnsuccessful -->
