<?xml version="1.0" encoding="UTF-8"?>
<!-- Generated by org.testng.reporters.JUnitReportReporter -->
<testsuite skipped="0" hostname="ip-172-31-27-212" name="projectGorest.CreateUpdateDeleteUser" tests="4" failures="0" timestamp="2022-10-12T04:30:35 UTC" time="3.475" errors="0">
  <testcase name="postData" time="0.259" classname="projectGorest.CreateUpdateDeleteUser"/>
  <system-out/>
  <testcase name="createUser" time="1.841" classname="projectGorest.CreateUpdateDeleteUser"/>
  <system-out/>
  <testcase name="updateUser" time="1.008" classname="projectGorest.CreateUpdateDeleteUser"/>
  <system-out/>
  <testcase name="deleteResource" time="0.367" classname="projectGorest.CreateUpdateDeleteUser"/>
  <system-out/>
</testsuite> <!-- projectGorest.CreateUpdateDeleteUser -->
